\BOOKMARK [1][-]{section.1}{\376\377\000P\000o\000l\000u\000a\000r\000e\000a\000\040\000a\000e\000r\000u\000l\000u\000i}{}% 1
\BOOKMARK [2][-]{subsection.1.1}{\376\377\000A\000n\000a\000l\000i\000z\000a\000\040\000d\000a\000t\000e\000l\000o\000r}{section.1}% 2
\BOOKMARK [3][-]{subsubsection.1.1.1}{\376\377\000A\000n\000a\000l\000i\000z\000a\000\040\000v\000a\000l\000o\000r\000i\000c\001\003}{subsection.1.1}% 3
\BOOKMARK [3][-]{subsubsection.1.1.2}{\376\377\000A\000n\000a\000l\000i\000z\000a\000\040\000c\000o\000r\000e\000l\000a\002\033\000i\000e\000i\000\040\000a\000t\000r\000i\000b\000u\000t\000e\000l\000o\000r}{subsection.1.1}% 4
\BOOKMARK [2][-]{subsection.1.2}{\376\377\000P\000r\000e\000p\000r\000o\000c\000e\000s\000a\000r\000e\000a\000\040\000d\000a\000t\000e\000l\000o\000r}{section.1}% 5
\BOOKMARK [3][-]{subsubsection.1.2.1}{\376\377\000E\000l\000i\000m\000i\000n\000a\000r\000e\000a\000\040\000v\000a\000l\000o\000r\000i\000l\000o\000r\000\040\000e\000x\000t\000r\000e\000m\000e}{subsection.1.2}% 6
\BOOKMARK [3][-]{subsubsection.1.2.2}{\376\377\000I\000m\000p\000u\000t\000a\000r\000e\000a\000\040\000v\000a\000l\000o\000r\000i\000l\000o\000r\000\040\000l\000i\000p\000s\001\003}{subsection.1.2}% 7
\BOOKMARK [3][-]{subsubsection.1.2.3}{\376\377\000E\000l\000i\000m\000i\000n\000a\000r\000e\000a\000\040\000a\000t\000r\000i\000b\000u\000t\000e\000l\000o\000r\000\040\000r\000e\000d\000u\000n\000d\000a\000n\000t\000e}{subsection.1.2}% 8
\BOOKMARK [3][-]{subsubsection.1.2.4}{\376\377\000N\000o\000r\000m\000a\000l\000i\000z\000a\000r\000e\000a\000\040\000d\000a\000t\000e\000l\000o\000r}{subsection.1.2}% 9
\BOOKMARK [3][-]{subsubsection.1.2.5}{\376\377\000C\000o\000d\000i\000f\000i\000c\000a\000r\000e\000a\000\040\000a\000t\000r\000i\000b\000u\000t\000e\000l\000o\000r\000\040\000c\000a\000t\000e\000g\000o\000r\000i\000c\000e\000\040\002\031\000i\000\040\000a\000\040\000a\000t\000r\000i\000b\000u\000t\000u\000l\000u\000i\000\040\002\033\000i\000n\000t\001\003}{subsection.1.2}% 10
\BOOKMARK [2][-]{subsection.1.3}{\376\377\000\316\000n\000v\001\003\002\033\000a\000r\000e\000a\000\040\000a\000u\000t\000o\000m\000a\000t\001\003}{section.1}% 11
\BOOKMARK [3][-]{subsubsection.1.3.1}{\376\377\000A\000r\000b\000o\000r\000i\000\040\000d\000e\000\040\000d\000e\000c\000i\000z\000i\000e}{subsection.1.3}% 12
\BOOKMARK [3][-]{subsubsection.1.3.2}{\376\377\000P\001\003\000d\000u\000r\000i\000\040\000a\000l\000e\000a\000t\000o\000a\000r\000e}{subsection.1.3}% 13
\BOOKMARK [3][-]{subsubsection.1.3.3}{\376\377\000R\000e\000g\000r\000e\000s\000i\000e\000\040\000l\000o\000g\000i\000s\000t\000i\000c\001\003}{subsection.1.3}% 14
\BOOKMARK [3][-]{subsubsection.1.3.4}{\376\377\000R\000e\002\033\000e\000l\000e\000\040\000n\000e\000u\000r\000a\000l\000e\000\040\000a\000d\000\342\000n\000c\000i}{subsection.1.3}% 15
\BOOKMARK [2][-]{subsection.1.4}{\376\377\000C\000o\000m\000p\000a\000r\000a\002\033\000i\000i}{section.1}% 16
\BOOKMARK [1][-]{section.2}{\376\377\000P\000o\000p\000u\000l\000a\000r\000i\000t\000a\000t\000e\000a\000\040\002\031\000t\000i\000r\000i\000l\000o\000r}{}% 17
\BOOKMARK [2][-]{subsection.2.1}{\376\377\000A\000n\000a\000l\000i\000z\000a\000\040\000d\000a\000t\000e\000l\000o\000r}{section.2}% 18
\BOOKMARK [3][-]{subsubsection.2.1.1}{\376\377\000A\000n\000a\000l\000i\000z\000a\000\040\000v\000a\000l\000o\000r\000i\000c\001\003}{subsection.2.1}% 19
\BOOKMARK [3][-]{subsubsection.2.1.2}{\376\377\000A\000n\000a\000l\000i\000z\000a\000\040\000c\000o\000r\000e\000l\000a\002\033\000i\000e\000i\000\040\000a\000t\000r\000i\000b\000u\000t\000e\000l\000o\000r}{subsection.2.1}% 20
\BOOKMARK [2][-]{subsection.2.2}{\376\377\000P\000r\000e\000p\000r\000o\000c\000e\000s\000a\000r\000e\000a\000\040\000d\000a\000t\000e\000l\000o\000r}{section.2}% 21
\BOOKMARK [3][-]{subsubsection.2.2.1}{\376\377\000E\000l\000i\000m\000i\000n\000a\000r\000e\000a\000\040\000a\000t\000r\000i\000b\000u\000t\000e\000l\000o\000r\000\040\000r\000e\000d\000u\000n\000d\000a\000n\000t\000e}{subsection.2.2}% 22
\BOOKMARK [3][-]{subsubsection.2.2.2}{\376\377\000C\000o\000d\000i\000f\000i\000c\000a\000r\000e\000a\000\040\000a\000t\000r\000i\000b\000u\000t\000e\000l\000o\000r\000\040\000c\000a\000t\000e\000g\000o\000r\000i\000c\000e\000\040\002\031\000i\000\040\000a\000\040\000a\000t\000r\000i\000b\000u\000t\000u\000l\000u\000i\000\040\002\033\000i\000n\000t\001\003}{subsection.2.2}% 23
\BOOKMARK [2][-]{subsection.2.3}{\376\377\000\316\000n\000v\001\003\002\033\000a\000r\000e\000a\000\040\000a\000u\000t\000o\000m\000a\000t\001\003}{section.2}% 24
\BOOKMARK [3][-]{subsubsection.2.3.1}{\376\377\000A\000r\000b\000o\000r\000i\000\040\000d\000e\000\040\000d\000e\000c\000i\000z\000i\000e}{subsection.2.3}% 25
\BOOKMARK [3][-]{subsubsection.2.3.2}{\376\377\000P\001\003\000d\000u\000r\000i\000\040\000a\000l\000e\000a\000t\000o\000a\000r\000e}{subsection.2.3}% 26
\BOOKMARK [3][-]{subsubsection.2.3.3}{\376\377\000R\000e\000g\000r\000e\000s\000i\000e\000\040\000l\000o\000g\000i\000s\000t\000i\000c\001\003}{subsection.2.3}% 27
\BOOKMARK [3][-]{subsubsection.2.3.4}{\376\377\000R\000e\002\033\000e\000l\000e\000\040\000n\000e\000u\000r\000a\000l\000e\000\040\000a\000d\000\342\000n\000c\000i}{subsection.2.3}% 28
\BOOKMARK [2][-]{subsection.2.4}{\376\377\000C\000o\000m\000p\000a\000r\000a\002\033\000i\000i}{section.2}% 29
\BOOKMARK [1][-]{section.3}{\376\377\000C\000o\000n\000c\000l\000u\000z\000i\000i}{}% 30
